1689283813600:generate
1689284420362:help
1689284541123:generate
1689285707084:generate
1689286991749:numAP
1689287008303:numAP 2
1689287295236:numAP --maxNumberAP 2
1689287328235:numAP --maxNumberOfAP 2
1689288655058:setting help
1689289038425:setting
1689289070321:setting setting help
1689289086346:setting help
1689289097395:setting -help
1689289173912:setting AP --a AP --b
1689290710959:setting -h
1689291756311:setting help
1689291765928:setting -h
1689291901743:setting AP a,b,c
1689292399934:setting AP a,b
1689292409189:generate
1689292441076:setting --AP a,b
1689293041397:setting AP a,b
1689293051101:generate
1689293169323:setting -AP a,b
1689293184920:setting AP a,b
1689293193001:generate
1689293226342:starktrace
1689293242472:stacktrace
1689293392790:setting AP a,b
1689293399568:generate
1689293518182:setting AP a,b
1689293689327:setting AP a,b,f
1689294086844:setting AP a,b,h
1689294146989:setting AP a,b,j
1689294158346:generate
1689294303659:setting -help
1689294337418:setting --AP a,b,d,g
1689294826167:setting --AP a,f,u,f,l
1689294841098:generate
1689298704728:setting --AP a,b,c,d,e
1689298719540:generate
1689299167512:setting --AP a,b,c,d
1689299186079:generate
1689299202665:generate -help
1689299337955:setting --AP a,b,c
1689299351274:generate
1689299394098:setting --AP a,b,c,d
1689299408893:generate
1689299450027:generate -h
1689299487812:generate -expansionGrad 5
1689299503638:generate --expansionGrad 5
1689299545713:generate --expansionGrad 10
1689299952425:setting --AP a,b,c,d
1689299961917:generate
1689300525195:setting --AP a, n,f,g
1689301485358:info
1689302074128:setting AP G,a,j,F
1689302275432:setting --AP F,j,U
1689302403376:generate -expansionGrad 5
1689302412742:generate -h
1689302426004:setting --AP a,b,c,d
1689302428520:generate
1689302504650:setting --AP a,b,c,d,e
1689302710260:generate
1689302907276:generate -help
1689302919088:cls
1689302935670:generate
1689302961744:setting --AP a,b,c,d
1689303041412:generate
1689303086875:setting --AP a,b,c,d
1689303090286:generate
1689303098241:generate 100
1689303107009:setting --AP a,b,c,d
1689303112992:generate 100
1689303121801:generate 10
1689303133587:setting --AP a,b,c,d,j
1689303140933:generate 10
1689303145761:generate
1689303219800:setting --AP a,b,c,d,j
1689303228314:generate 10
1689303290944:setting --AP a,b,c,d
1689303293547:generate 100
1689303300446:generate
1689303474077:setting --AP a,b,c,d
1689303476816:generate 10
1689303670896:setting --AP a,b,c,d,j
1689303672715:generate
1689303764162:setting --AP a,b,c,d
1689303766814:generate 100
1689303876452:setting --AP a,b,c,d
1689303886036:setting --AP a,b,c,d,u,o
1689303898513:generate 3
1689340593338:info
1689340633166:generate --h
1689340638753:generate -h
1689340702928:setting -h
1689340724756:setting
1689340752995:setting -AP a,b,h,l
1689340782663:setting --AP a,b
1689340810375:setting --AP a,b,c,d
1689340823411:setting --AP a,b,c,d,h,z,o,t,e,w
1689340853101:generate 3
1689342172346:generate 6
1689342462189:setting -AP a,f,t,z
1689342477872:setting -h
1689342505569:setting--AP a,g
1689342517664:setting --AP a,g
1689342575719:setting --AP a,f,j,t
1689342609590:generate 10
1689342639417:generate 3
1689342727060:generate 100
1689342759297:info
1689342781523:help
1689349531160:generate 10
1689349538235:clr
1689349554889:cls
1689349562795:generate 3
1689350516990:setting --AP a,b,c
1689350523776:generate 3
1689350874976:setting --AP a,b
1689350878668:generate 3
1689351580605:setting --AP a,b,c
1689351585854:generate 3
1689351936674:setting --AP a,b
1689351939946:generate 3
1689352225985:setting --AP a,b,c,j,l,i
1689352246709:generate 3
1689352267023:generate 100
1689352388238:generate 3
1689361226920:setting -AP a,b
1689361241761:setting --AP a,b
1689361260974:generate 3
1689361744947:setting --AP a,b,f
1689361750049:generate 3
1689362163868:setting --AP a,b
1689362167414:generate 3
1689375728826:setting --AP a,b,c
1689375752769:generate 3
1689375882232:setting --AP a,b,c
1689375889079:generate 3
1689376091919:setting --AP a,b,c
1689376096503:generate 3
1689376207212:setting --AP a,b,c
1689376210314:generate 3
1689376324849:setting --AP a,b,c
1689376330586:generate 3
1689377024661:setting --AP a,b,c
1689377033739:generate 3
1689377461652:setting --AP a,b,c,d
1689377470182:generate 3
1689378524198:setting --AP a,b,c
1689378533046:generate 3
1689378599181:generate 4
1689379412011:setting --AP a,b,c
1689379424505:generate 3
1689380643441:setting --AP a,b,c
1689380651479:generate 3
1689381624158:setting --AP a,b,c
1689381632059:generate 3
1689431659146:setting --AP a,b,u,w
1689431670366:generate 3
1689472887980:setting --AP a,b,c
1689472896591:generate 4
1689508256774:setting --AP a,b,c
1689508267477:generate 3
1689508483922:setting --AP a,b,c
1689508839724:generate 3
1689509827480:setting --AP a,b,h
1689509840415:generate 3
1689510976497:setting --AP a,b,c
1689511004619:generate 3
1689512984700:setting --AP a,b,c
1689512991300:generate 3
1689515124706:setting --AP a,b,c
1689515137683:generate 3
1689516786665:generate 4
1689516806356:generate 3
1671878524805:setting --AP a,c,g
1671878533329:generate 3
1671878646565:generate 4
1671878794130:generate 3
1671878841311:generate 10
1671878987899:generate 5
1671879018941:generate 2
1671879041247:genrate 2
1671879050183:generate 3
1671879133046:generate 10
1671879200613:generate 3
1671879213384:generate 5
1671879225360:generate 8
1671879232078:generate 4
1671879241366:generate 3
1671879253741:genrate 3
1671879269133:setting --AP a
1671879278999:generate 3
1671879494185:genrate 3
1671879502230:generate 3
1671880253264:exit
1671952235128:setting --AP a,b
1671952252138:exit
1671952350476:setting --AP k,d
1671952365817:generate 3 10
1671952386444:stacktrace
1671952420317:exit
1671953390542:setting --AP a,f
1671953400981:generate 3 10
1671953422400:stacktrace
1671954280755:generate help
1671954290728:generate -h
1671954321469:exit
1671954444488:setting --AP q,p
1671954449528:generate 3
1671954461329:generate 3 7
1671954472445:generate -h
1671954481678:exit
1671955013381:setting --AP q
1671955023970:generate 3 10
1671955097620:generate --expansionGrad 3 --nberOfFormula 10
1671955619670:exit
1671955708348:generate -h
1671955955664:exit
1689851582027:generate -h
1689851598216:exit
1689852034911:generate -h
1689852052270:generate 3 10
1689852104666:setting --AP r,t
1689852113596:generate 3 10
1689852304478:generate 3 5
1689852309020:exit
1689853458280:exit
1689938001199:generate -h
1689938019652:generate
1689938042896:setting --AP a,d,f generate
1689938059518:generate
1689938100113:generate 3 7
1689939066783:exit
1692293137890:generate
1692293169539:setting --AP t,g,v
1692293184676:generate
1692293310957:generate 3 5
